
> vibe-generated-app@1.0.0 dev
> vite


  VITE v5.4.20  ready in 240 ms

  ➜  Local:   http://localhost:3000/
  ➜  Network: http://172.20.45.174:3000/
7:48:31 AM [vite] Pre-transform error: Transform failed with 1 error:
/home/workspace/src/components/About.jsx:39:46: ERROR: Expected "{" but found "\\"
7:48:31 AM [vite] Internal server error: Transform failed with 1 error:
/home/workspace/src/components/About.jsx:39:46: ERROR: Expected "{" but found "\\"
  Plugin: vite:esbuild
  File: /home/workspace/src/components/About.jsx:39:46
  
  Expected "{" but found "\\"
  37 |            </p>
  38 |            <div className="mt-4 grid grid-cols-2 gap-3 sm:grid-cols-4">
  39 |              <TechPill icon={<Server className=\"h-4 w-4\" />} label="Backend" />
     |                                                ^
  40 |              <TechPill icon={<Cpu className=\"h-4 w-4\" />} label="Systems" />
  41 |              <TechPill icon={<Database className=\"h-4 w-4\" />} label="Data" />
  
      at failureErrorWithLog (/home/workspace/node_modules/esbuild/lib/main.js:1472:15)
      at /home/workspace/node_modules/esbuild/lib/main.js:755:50
      at responseCallbacks.<computed> (/home/workspace/node_modules/esbuild/lib/main.js:622:9)
      at handleIncomingPacket (/home/workspace/node_modules/esbuild/lib/main.js:677:12)
      at Socket.readFromStdout (/home/workspace/node_modules/esbuild/lib/main.js:600:7)
      at Socket.emit (node:events:508:28)
      at addChunk (node:internal/streams/readable:559:12)
      at readableAddChunkPushByteMode (node:internal/streams/readable:510:3)
      at Readable.push (node:internal/streams/readable:390:5)
      at Pipe.onStreamRead (node:internal/stream_base_commons:189:23)
7:48:35 AM [vite] Internal server error: Transform failed with 1 error:
/home/workspace/src/components/About.jsx:39:46: ERROR: Expected "{" but found "\\"
  Plugin: vite:esbuild
  File: /home/workspace/src/components/About.jsx:39:46
  
  Expected "{" but found "\\"
  37 |            </p>
  38 |            <div className="mt-4 grid grid-cols-2 gap-3 sm:grid-cols-4">
  39 |              <TechPill icon={<Server className=\"h-4 w-4\" />} label="Backend" />
     |                                                ^
  40 |              <TechPill icon={<Cpu className=\"h-4 w-4\" />} label="Systems" />
  41 |              <TechPill icon={<Database className=\"h-4 w-4\" />} label="Data" />
  
      at failureErrorWithLog (/home/workspace/node_modules/esbuild/lib/main.js:1472:15)
      at /home/workspace/node_modules/esbuild/lib/main.js:755:50
      at responseCallbacks.<computed> (/home/workspace/node_modules/esbuild/lib/main.js:622:9)
      at handleIncomingPacket (/home/workspace/node_modules/esbuild/lib/main.js:677:12)
      at Socket.readFromStdout (/home/workspace/node_modules/esbuild/lib/main.js:600:7)
      at Socket.emit (node:events:508:28)
      at addChunk (node:internal/streams/readable:559:12)
      at readableAddChunkPushByteMode (node:internal/streams/readable:510:3)
      at Readable.push (node:internal/streams/readable:390:5)
      at Pipe.onStreamRead (node:internal/stream_base_commons:189:23)
